2023-05-19 15:17:35,610 INFO connect: Подключен к серверу 127.0.0.1:3133
2023-05-19 15:17:35,611 INFO connect: Отправлены публичные ключи клиента: (193, 147, 145)
2023-05-19 15:17:40,617 INFO connect: Произведен обмен ключами. Получен публичный ключ сервера: 3.
2023-05-19 15:17:40,617 INFO connect: Получен зашифрованный порт: ssvru. Расшифрованный порт: 33625
2023-05-19 15:17:40,617 INFO connect: Закрыто незашифрованное соединение с сервером.
2023-05-19 15:17:40,617 INFO crypto_connect: Инициализация защищенного подключения.
2023-05-19 15:17:40,617 INFO crypto_connect: Клиент 127.0.0.1 подключен к серверу по зашифрованному порту:33625
2023-05-19 15:18:51,176 INFO connect: Подключен к серверу 127.0.0.1:34242
2023-05-19 15:18:51,176 INFO connect: Отправлены публичные ключи клиента: (193, 147, 145)
2023-05-19 15:18:51,176 INFO connect: Произведен обмен ключами. Получен публичный ключ сервера: 3.
2023-05-19 15:18:51,176 INFO connect: Получен зашифрованный порт: qppyw. Расшифрованный порт: 10097
2023-05-19 15:18:51,176 INFO connect: Закрыто незашифрованное соединение с сервером.
2023-05-19 15:18:51,176 INFO crypto_connect: Инициализация защищенного подключения.
2023-05-19 15:18:51,176 INFO crypto_connect: Клиент 127.0.0.1 подключен к серверу по зашифрованному порту:10097
2023-05-19 15:20:08,494 INFO auth_form: Отправлен запрос на авторизацию пользователя test1
2023-05-19 15:20:08,495 INFO auth_form: Принимаем ответ от сервера - результат авторизации: not registered
2023-05-19 15:20:08,495 INFO auth_form: Пользователь test1 не зарегистрирован на сервере.
2023-05-19 15:20:27,618 INFO reg_form: Отправлен запрос на регистрацию пользователя test1
2023-05-19 15:20:27,627 INFO reg_form: Принимаем ответ от сервера - результат регистрации: success
2023-05-19 15:23:13,110 INFO auth_form: Отправлен запрос на авторизацию пользователя test1
2023-05-19 15:26:44,331 INFO connect: Подключен к серверу 127.0.0.1:2127
2023-05-19 15:26:44,331 INFO connect: Отправлены публичные ключи клиента: (193, 147, 145)
2023-05-19 15:26:44,332 INFO connect: Произведен обмен ключами. Получен публичный ключ сервера: 3.
2023-05-19 15:26:44,332 INFO connect: Получен зашифрованный порт: swxqx. Расшифрованный порт: 37818
2023-05-19 15:26:44,332 INFO connect: Закрыто незашифрованное соединение с сервером.
2023-05-19 15:26:44,332 INFO crypto_connect: Инициализация защищенного подключения.
2023-05-19 15:26:44,332 INFO crypto_connect: Клиент 127.0.0.1 подключен к серверу по зашифрованному порту:37818
2023-05-19 15:26:53,821 INFO auth_form: Отправлен запрос на авторизацию пользователя test1
2023-05-19 15:26:53,822 INFO auth_form: Принимаем ответ от сервера - результат авторизации: success
2023-05-19 15:26:53,822 INFO auth_form: Пользователь test1 авторизован на сервере.
2023-05-19 15:27:21,300 INFO send_message: Пользователь отправил сообщение: Hbgdsfsf
2023-05-19 15:27:21,300 INFO send_message: Пользователь отправил сообщение в зашифрованном виде: "'$3&3&
2023-05-19 15:27:31,310 INFO read_message: Принято зашифрованное сообщение от test1 : *"'$3&3&*
2023-05-19 15:27:31,310 INFO read_message: Принято сообщение от test1 : *Hbgdsfsf*
