2023-05-19 12:45:39,580 INFO connect: Подключен к серверу 127.0.0.1:64725
2023-05-19 12:46:06,029 INFO reg_form: Отправлен запрос на регистрацию пользователя test0000
2023-05-19 12:46:06,037 INFO reg_form: Принимаем ответ от сервера - результат регистрации: {'username': 'test0000', 'text': {'result': 'success'}}
2023-05-19 12:46:18,179 INFO auth_form: Отправлен запрос на авторизацию пользователя test0000
2023-05-19 12:46:18,188 INFO auth_form: Принимаем ответ от сервера - результат авторизации: {'username': 'test0000', 'text': {'result': 'success'}}
2023-05-19 12:46:18,189 INFO auth_form: Пользователь test0000 авторизован на сервере.
2023-05-19 12:48:09,782 INFO send_message: Пользователь отправил сообщение: GHbdtdsgsg
2023-05-19 12:48:09,783 INFO read_message: Принято сообщение от test0000 : *GHbdtdsgsg*
2023-05-19 12:53:03,667 INFO send_message: Пользователь отправил сообщение: gfdhdh
2023-05-19 12:53:03,667 INFO read_message: Принято сообщение от test0000 : *GHbdtdsgsg*
2023-05-19 12:57:28,912 INFO connect: Подключен к серверу 127.0.0.1:5454
2023-05-19 12:57:38,730 INFO auth_form: Отправлен запрос на авторизацию пользователя test0000
2023-05-19 12:57:38,739 INFO auth_form: Принимаем ответ от сервера - результат авторизации: {'username': 'test0000', 'text': {'result': 'success'}}
2023-05-19 12:57:38,739 INFO auth_form: Пользователь test0000 авторизован на сервере.
2023-05-19 12:57:41,554 INFO send_message: Пользователь отправил сообщение: fjgdgjdf
2023-05-19 12:57:45,637 INFO send_message: Пользователь отправил сообщение: gfdgfdgfdg
2023-05-19 12:57:49,621 INFO send_message: Пользователь отправил сообщение: gfdgfdgdfg
2023-05-19 12:57:53,102 INFO send_message: Пользователь отправил сообщение: gdgfdgfdgg
2023-05-19 12:58:58,155 INFO connect: Подключен к серверу 127.0.0.1:5454
2023-05-19 13:00:48,448 INFO auth_form: Отправлен запрос на авторизацию пользователя test0000
2023-05-19 13:00:48,456 INFO auth_form: Принимаем ответ от сервера - результат авторизации: {'username': 'test0000', 'text': {'result': 'success'}}
2023-05-19 13:00:48,456 INFO auth_form: Пользователь test0000 авторизован на сервере.
2023-05-19 13:01:08,105 INFO send_message: Пользователь отправил сообщение: dhggdhdf
2023-05-19 15:09:40,838 INFO connect: Подключен к серверу 127.0.0.1:6363
2023-05-19 15:09:50,834 INFO auth_form: Отправлен запрос на авторизацию пользователя test0000
2023-05-19 15:09:50,842 INFO auth_form: Принимаем ответ от сервера - результат авторизации: {'username': 'test0000', 'text': {'result': 'success'}}
2023-05-19 15:09:50,842 INFO auth_form: Пользователь test0000 авторизован на сервере.
2023-05-19 15:09:54,823 INFO send_message: Пользователь отправил сообщение: fsgsgsdg
2023-05-19 15:09:54,823 INFO read_message: Принято сообщение от test0000 : *fsgsgsdg*
