2023-05-22 20:35:49,203 INFO Команда melchikhinfa:1aeb42aff8fdf7a98f2a672e562962d3 не найдена
2023-05-22 20:39:51,683 INFO Команда melchikhinfa:1aeb42aff8fdf7a98f2a672e562962d3 не найдена
2023-05-22 20:43:01,256 INFO Команда melchikhinfa:1aeb42aff8fdf7a98f2a672e562962d3 не найдена
2023-05-22 20:44:01,516 INFO Команда melchikhinfa:1aeb42aff8fdf7a98f2a672e562962d3 не найдена
2023-05-22 20:45:54,693 INFO Команда melchikhinfa:1aeb42aff8fdf7a98f2a672e562962d3 не найдена
2023-05-22 20:55:33,097 INFO Команда melchikhinfa:1aeb42aff8fdf7a98f2a672e562962d3 не найдена
2023-05-22 20:59:26,130 INFO Команда melchikhinfa:1aeb42aff8fdf7a98f2a672e562962d3 не найдена
2023-05-22 21:04:45,107 INFO Команда melchikhinfa:1aeb42aff8fdf7a98f2a672e562962d3 не найдена
2023-05-22 21:16:09,252 INFO Команда melchikhinfa:1aeb42aff8fdf7a98f2a672e562962d3manual не найдена
2023-05-22 21:20:36,586 INFO Команда melchikhinfa:1aeb42aff8fdf7a98f2a672e562962d3manual не найдена
2023-05-22 21:25:03,603 INFO Команда melchikhinfa:1aeb42aff8fdf7a98f2a672e562962d3manual не найдена
2023-05-22 21:31:21,219 INFO Команда melchikhinfa:1aeb42aff8fdf7a98f2a672e562962d3 не найдена
2023-05-22 21:37:30,115 INFO Команда manual не найдена
2023-05-22 21:38:42,858 INFO Команда manual не найдена
2023-05-24 00:25:40,214 INFO Выполнен запрос списка файлов в директории /home/andreymelchikhin/Финансовый университет (кодинг)/Практикум по программированию/TCP_cli_server_threading/TCP_cli_server_threading/7. FTP-server
2023-05-24 00:27:13,873 INFO Доступно 1000000000 байт
2023-05-24 00:27:13,874 INFO Директория test_mkdir создана
2023-05-24 00:27:40,439 INFO Доступно 999995904 байт
2023-05-24 01:01:19,381 INFO Выполнен запрос списка файлов в директории /home/andreymelchikhin/work_dir
2023-05-24 01:02:39,294 INFO Файл test_touch удален
2023-05-24 01:02:39,294 INFO Доступно 999995904 байт
2023-05-24 10:28:09,280 INFO Доступно 999995904 байт
2023-05-24 10:28:09,281 INFO Файл test1 создан
2023-05-24 10:28:09,281 INFO Доступно 999995904 байт
2023-05-24 10:30:10,762 INFO Доступно 999995904 байт
2023-05-24 10:30:10,763 INFO Файл test2 создан
2023-05-24 10:30:10,763 INFO Доступно 999995904 байт
